<?xml version="1.0" encoding="UTF-8"?>
<testsuite xmlns:xsi="http://www.w3.org/2001/XMLSchema-instance" xsi:noNamespaceSchemaLocation="https://maven.apache.org/surefire/maven-surefire-plugin/xsd/surefire-test-report-3.0.xsd" version="3.0" name="com.indra.co.NearBy_Pro_Backend.NearByProBackendApplicationTests" time="2.965" tests="1" errors="0" skipped="0" failures="0">
  <properties>
[...]
</properties>
  <testcase name="contextLoads" classname="com.indra.co.NearBy_Pro_Backend.NearByProBackendApplicationTests" time="0.639">
    <system-out><![CDATA[17:46:19.380 [main] INFO org.springframework.test.context.support.AnnotationConfigContextLoaderUtils -- Could not detect default configuration classes for test class [com.indra.co.NearBy_Pro_Backend.NearByProBackendApplicationTests]: NearByProBackendApplicationTests does not declare any static, non-private, non-final, nested classes annotated with @Configuration.
17:46:19.449 [main] INFO org.springframework.boot.test.context.SpringBootTestContextBootstrapper -- Found @SpringBootConfiguration com.indra.co.NearBy_Pro_Backend.NearByProBackendApplication for test class com.indra.co.NearBy_Pro_Backend.NearByProBackendApplicationTests

  .   ____          _            __ _ _
 /\\ / ___'_ __ _ _(_)_ __  __ _ \ \ \ \
( ( )\___ | '_ | '_| | '_ \/ _` | \ \ \ \
 \\/  ___)| |_)| | | | | || (_| |  ) ) ) )
  '  |____| .__|_| |_|_| |_\__, | / / / /
 =========|_|==============|___/=/_/_/_/
&amp#27;[32m :: Spring Boot :: &amp#27;[39m              &amp#27;[2m (v3.2.3)&amp#27;[0;39m

&amp#27;[2m2025-05-17T17:46:19.694+05:30&amp#27;[0;39m &amp#27;[32m INFO&amp#27;[0;39m &amp#27;[35m31255&amp#27;[0;39m &amp#27;[2m---&amp#27;[0;39m &amp#27;[2m[NearBy-Pro-Backend] [           main]&amp#27;[0;39m &amp#27;[2m&amp#27;[0;39m&amp#27;[36mc.i.c.N.NearByProBackendApplicationTests&amp#27;[0;39m &amp#27;[2m:&amp#27;[0;39m Starting NearByProBackendApplicationTests using Java 23.0.2 with PID 31255 (started by rajanjaiswal in /Users/rajanjaiswal/Desktop/Dev/NearBy-Pro-Backend)
&amp#27;[2m2025-05-17T17:46:19.695+05:30&amp#27;[0;39m &amp#27;[32m INFO&amp#27;[0;39m &amp#27;[35m31255&amp#27;[0;39m &amp#27;[2m---&amp#27;[0;39m &amp#27;[2m[NearBy-Pro-Backend] [           main]&amp#27;[0;39m &amp#27;[2m&amp#27;[0;39m&amp#27;[36mc.i.c.N.NearByProBackendApplicationTests&amp#27;[0;39m &amp#27;[2m:&amp#27;[0;39m No active profile set, falling back to 1 default profile: "default"
&amp#27;[2m2025-05-17T17:46:20.322+05:30&amp#27;[0;39m &amp#27;[32m INFO&amp#27;[0;39m &amp#27;[35m31255&amp#27;[0;39m &amp#27;[2m---&amp#27;[0;39m &amp#27;[2m[NearBy-Pro-Backend] [           main]&amp#27;[0;39m &amp#27;[2m&amp#27;[0;39m&amp#27;[36m.s.d.r.c.RepositoryConfigurationDelegate&amp#27;[0;39m &amp#27;[2m:&amp#27;[0;39m Bootstrapping Spring Data MongoDB repositories in DEFAULT mode.
&amp#27;[2m2025-05-17T17:46:20.366+05:30&amp#27;[0;39m &amp#27;[32m INFO&amp#27;[0;39m &amp#27;[35m31255&amp#27;[0;39m &amp#27;[2m---&amp#27;[0;39m &amp#27;[2m[NearBy-Pro-Backend] [           main]&amp#27;[0;39m &amp#27;[2m&amp#27;[0;39m&amp#27;[36m.s.d.r.c.RepositoryConfigurationDelegate&amp#27;[0;39m &amp#27;[2m:&amp#27;[0;39m Finished Spring Data repository scanning in 40 ms. Found 5 MongoDB repository interfaces.
&amp#27;[2m2025-05-17T17:46:20.761+05:30&amp#27;[0;39m &amp#27;[32m INFO&amp#27;[0;39m &amp#27;[35m31255&amp#27;[0;39m &amp#27;[2m---&amp#27;[0;39m &amp#27;[2m[NearBy-Pro-Backend] [           main]&amp#27;[0;39m &amp#27;[2m&amp#27;[0;39m&amp#27;[36morg.mongodb.driver.client               &amp#27;[0;39m &amp#27;[2m:&amp#27;[0;39m MongoClient with metadata {"driver": {"name": "mongo-java-driver|sync|spring-boot", "version": "4.11.1"}, "os": {"type": "Darwin", "name": "Mac OS X", "architecture": "aarch64", "version": "15.5"}, "platform": "Java/Homebrew/23.0.2"} created with settings MongoClientSettings{readPreference=primary, writeConcern=WriteConcern{w=null, wTimeout=null ms, journal=null}, retryWrites=true, retryReads=true, readConcern=ReadConcern{level=null}, credential=MongoCredential{mechanism=null, userName='inventory-admin', source='admin', password=<hidden>, mechanismProperties=<hidden>}, transportSettings=null, streamFactoryFactory=null, commandListeners=[], codecRegistry=ProvidersCodecRegistry{codecProviders=[ValueCodecProvider{}, BsonValueCodecProvider{}, DBRefCodecProvider{}, DBObjectCodecProvider{}, DocumentCodecProvider{}, CollectionCodecProvider{}, IterableCodecProvider{}, MapCodecProvider{}, GeoJsonCodecProvider{}, GridFSFileCodecProvider{}, Jsr310CodecProvider{}, JsonObjectCodecProvider{}, BsonCodecProvider{}, EnumCodecProvider{}, com.mongodb.client.model.mql.ExpressionCodecProvider@43f03c23, com.mongodb.Jep395RecordCodecProvider@7a1b8a46, com.mongodb.KotlinCodecProvider@2921199d]}, loggerSettings=LoggerSettings{maxDocumentLength=1000}, clusterSettings={hosts=[127.0.0.1:27017], srvHost=inventory.rbcanbq.mongodb.net, srvServiceName=mongodb, mode=MULTIPLE, requiredClusterType=REPLICA_SET, requiredReplicaSetName='atlas-13oxx1-shard-0', serverSelector='null', clusterListeners='[]', serverSelectionTimeout='30000 ms', localThreshold='15 ms'}, socketSettings=SocketSettings{connectTimeoutMS=10000, readTimeoutMS=0, receiveBufferSize=0, proxySettings=ProxySettings{host=null, port=null, username=null, password=null}}, heartbeatSocketSettings=SocketSettings{connectTimeoutMS=10000, readTimeoutMS=10000, receiveBufferSize=0, proxySettings=ProxySettings{host=null, port=null, username=null, password=null}}, connectionPoolSettings=ConnectionPoolSettings{maxSize=100, minSize=0, maxWaitTimeMS=120000, maxConnectionLifeTimeMS=0, maxConnectionIdleTimeMS=0, maintenanceInitialDelayMS=0, maintenanceFrequencyMS=60000, connectionPoolListeners=[], maxConnecting=2}, serverSettings=ServerSettings{heartbeatFrequencyMS=10000, minHeartbeatFrequencyMS=500, serverListeners='[]', serverMonitorListeners='[]'}, sslSettings=SslSettings{enabled=true, invalidHostNameAllowed=false, context=null}, applicationName='null', compressorList=[], uuidRepresentation=JAVA_LEGACY, serverApi=null, autoEncryptionSettings=null, dnsClient=null, inetAddressResolver=null, contextProvider=null}
&amp#27;[2m2025-05-17T17:46:20.872+05:30&amp#27;[0;39m &amp#27;[32m INFO&amp#27;[0;39m &amp#27;[35m31255&amp#27;[0;39m &amp#27;[2m---&amp#27;[0;39m &amp#27;[2m[NearBy-Pro-Backend] [nbq.mongodb.net]&amp#27;[0;39m &amp#27;[2m&amp#27;[0;39m&amp#27;[36morg.mongodb.driver.cluster              &amp#27;[0;39m &amp#27;[2m:&amp#27;[0;39m Adding discovered server ac-fgogpmb-shard-00-01.rbcanbq.mongodb.net:27017 to client view of cluster
&amp#27;[2m2025-05-17T17:46:20.887+05:30&amp#27;[0;39m &amp#27;[32m INFO&amp#27;[0;39m &amp#27;[35m31255&amp#27;[0;39m &amp#27;[2m---&amp#27;[0;39m &amp#27;[2m[NearBy-Pro-Backend] [nbq.mongodb.net]&amp#27;[0;39m &amp#27;[2m&amp#27;[0;39m&amp#27;[36morg.mongodb.driver.cluster              &amp#27;[0;39m &amp#27;[2m:&amp#27;[0;39m Adding discovered server ac-fgogpmb-shard-00-02.rbcanbq.mongodb.net:27017 to client view of cluster
&amp#27;[2m2025-05-17T17:46:20.888+05:30&amp#27;[0;39m &amp#27;[32m INFO&amp#27;[0;39m &amp#27;[35m31255&amp#27;[0;39m &amp#27;[2m---&amp#27;[0;39m &amp#27;[2m[NearBy-Pro-Backend] [nbq.mongodb.net]&amp#27;[0;39m &amp#27;[2m&amp#27;[0;39m&amp#27;[36morg.mongodb.driver.cluster              &amp#27;[0;39m &amp#27;[2m:&amp#27;[0;39m Adding discovered server ac-fgogpmb-shard-00-00.rbcanbq.mongodb.net:27017 to client view of cluster
&amp#27;[2m2025-05-17T17:46:21.198+05:30&amp#27;[0;39m &amp#27;[33m WARN&amp#27;[0;39m &amp#27;[35m31255&amp#27;[0;39m &amp#27;[2m---&amp#27;[0;39m &amp#27;[2m[NearBy-Pro-Backend] [           main]&amp#27;[0;39m &amp#27;[2m&amp#27;[0;39m&amp#27;[36m.s.s.UserDetailsServiceAutoConfiguration&amp#27;[0;39m &amp#27;[2m:&amp#27;[0;39m 

Using generated security password: efec0253-73e7-4766-8617-5b09f6cefc13

This generated password is for development use only. Your security configuration must be updated before running your application in production.

&amp#27;[2m2025-05-17T17:46:21.370+05:30&amp#27;[0;39m &amp#27;[32m INFO&amp#27;[0;39m &amp#27;[35m31255&amp#27;[0;39m &amp#27;[2m---&amp#27;[0;39m &amp#27;[2m[NearBy-Pro-Backend] [           main]&amp#27;[0;39m &amp#27;[2m&amp#27;[0;39m&amp#27;[36mo.s.s.web.DefaultSecurityFilterChain    &amp#27;[0;39m &amp#27;[2m:&amp#27;[0;39m Will secure any request with [org.springframework.security.web.session.DisableEncodeUrlFilter@3b3546a3, org.springframework.security.web.context.request.async.WebAsyncManagerIntegrationFilter@134c38, org.springframework.security.web.context.SecurityContextHolderFilter@6cf047cf, org.springframework.security.web.header.HeaderWriterFilter@29fcfc54, org.springframework.web.filter.CorsFilter@3d235635, org.springframework.security.web.csrf.CsrfFilter@79308a2, org.springframework.security.web.authentication.logout.LogoutFilter@20c3b34b, org.springframework.security.web.savedrequest.RequestCacheAwareFilter@323e026d, org.springframework.security.web.servletapi.SecurityContextHolderAwareRequestFilter@1716c037, org.springframework.security.web.authentication.AnonymousAuthenticationFilter@4cc7e3ad, org.springframework.security.web.session.SessionManagementFilter@3eb9c575, org.springframework.security.web.access.ExceptionTranslationFilter@7fac18dc, org.springframework.security.web.access.intercept.AuthorizationFilter@6c5ae8fd]
&amp#27;[2m2025-05-17T17:46:21.582+05:30&amp#27;[0;39m &amp#27;[32m INFO&amp#27;[0;39m &amp#27;[35m31255&amp#27;[0;39m &amp#27;[2m---&amp#27;[0;39m &amp#27;[2m[NearBy-Pro-Backend] [           main]&amp#27;[0;39m &amp#27;[2m&amp#27;[0;39m&amp#27;[36mc.i.c.N.NearByProBackendApplicationTests&amp#27;[0;39m &amp#27;[2m:&amp#27;[0;39m Started NearByProBackendApplicationTests in 2.046 seconds (process running for 2.711)
&amp#27;[2m2025-05-17T17:46:21.751+05:30&amp#27;[0;39m &amp#27;[32m INFO&amp#27;[0;39m &amp#27;[35m31255&amp#27;[0;39m &amp#27;[2m---&amp#27;[0;39m &amp#27;[2m[NearBy-Pro-Backend] [ngodb.net:27017]&amp#27;[0;39m &amp#27;[2m&amp#27;[0;39m&amp#27;[36morg.mongodb.driver.cluster              &amp#27;[0;39m &amp#27;[2m:&amp#27;[0;39m Monitor thread successfully connected to server with description ServerDescription{address=ac-fgogpmb-shard-00-01.rbcanbq.mongodb.net:27017, type=REPLICA_SET_SECONDARY, state=CONNECTED, ok=true, minWireVersion=0, maxWireVersion=25, maxDocumentSize=16777216, logicalSessionTimeoutMinutes=30, roundTripTimeNanos=354788250, setName='atlas-13oxx1-shard-0', canonicalAddress=ac-fgogpmb-shard-00-01.rbcanbq.mongodb.net:27017, hosts=[ac-fgogpmb-shard-00-02.rbcanbq.mongodb.net:27017, ac-fgogpmb-shard-00-01.rbcanbq.mongodb.net:27017, ac-fgogpmb-shard-00-00.rbcanbq.mongodb.net:27017], passives=[], arbiters=[], primary='ac-fgogpmb-shard-00-02.rbcanbq.mongodb.net:27017', tagSet=TagSet{[Tag{name='availabilityZone', value='aps1-az3'}, Tag{name='diskState', value='READY'}, Tag{name='nodeType', value='ELECTABLE'}, Tag{name='provider', value='AWS'}, Tag{name='region', value='AP_SOUTH_1'}, Tag{name='workloadType', value='OPERATIONAL'}]}, electionId=null, setVersion=234, topologyVersion=TopologyVersion{processId=682254ba8a696488f4e52820, counter=3}, lastWriteDate=Sat May 17 17:46:21 IST 2025, lastUpdateTimeNanos=308313075173958}
&amp#27;[2m2025-05-17T17:46:21.754+05:30&amp#27;[0;39m &amp#27;[32m INFO&amp#27;[0;39m &amp#27;[35m31255&amp#27;[0;39m &amp#27;[2m---&amp#27;[0;39m &amp#27;[2m[NearBy-Pro-Backend] [ngodb.net:27017]&amp#27;[0;39m &amp#27;[2m&amp#27;[0;39m&amp#27;[36morg.mongodb.driver.cluster              &amp#27;[0;39m &amp#27;[2m:&amp#27;[0;39m Monitor thread successfully connected to server with description ServerDescription{address=ac-fgogpmb-shard-00-00.rbcanbq.mongodb.net:27017, type=REPLICA_SET_SECONDARY, state=CONNECTED, ok=true, minWireVersion=0, maxWireVersion=25, maxDocumentSize=16777216, logicalSessionTimeoutMinutes=30, roundTripTimeNanos=356203541, setName='atlas-13oxx1-shard-0', canonicalAddress=ac-fgogpmb-shard-00-00.rbcanbq.mongodb.net:27017, hosts=[ac-fgogpmb-shard-00-02.rbcanbq.mongodb.net:27017, ac-fgogpmb-shard-00-01.rbcanbq.mongodb.net:27017, ac-fgogpmb-shard-00-00.rbcanbq.mongodb.net:27017], passives=[], arbiters=[], primary='ac-fgogpmb-shard-00-02.rbcanbq.mongodb.net:27017', tagSet=TagSet{[Tag{name='availabilityZone', value='aps1-az1'}, Tag{name='diskState', value='READY'}, Tag{name='nodeType', value='ELECTABLE'}, Tag{name='provider', value='AWS'}, Tag{name='region', value='AP_SOUTH_1'}, Tag{name='workloadType', value='OPERATIONAL'}]}, electionId=null, setVersion=234, topologyVersion=TopologyVersion{processId=68225399ce0774362a733bfa, counter=4}, lastWriteDate=Sat May 17 17:46:21 IST 2025, lastUpdateTimeNanos=308313076587041}
&amp#27;[2m2025-05-17T17:46:21.754+05:30&amp#27;[0;39m &amp#27;[32m INFO&amp#27;[0;39m &amp#27;[35m31255&amp#27;[0;39m &amp#27;[2m---&amp#27;[0;39m &amp#27;[2m[NearBy-Pro-Backend] [ngodb.net:27017]&amp#27;[0;39m &amp#27;[2m&amp#27;[0;39m&amp#27;[36morg.mongodb.driver.cluster              &amp#27;[0;39m &amp#27;[2m:&amp#27;[0;39m Monitor thread successfully connected to server with description ServerDescription{address=ac-fgogpmb-shard-00-02.rbcanbq.mongodb.net:27017, type=REPLICA_SET_PRIMARY, state=CONNECTED, ok=true, minWireVersion=0, maxWireVersion=25, maxDocumentSize=16777216, logicalSessionTimeoutMinutes=30, roundTripTimeNanos=359155125, setName='atlas-13oxx1-shard-0', canonicalAddress=ac-fgogpmb-shard-00-02.rbcanbq.mongodb.net:27017, hosts=[ac-fgogpmb-shard-00-02.rbcanbq.mongodb.net:27017, ac-fgogpmb-shard-00-01.rbcanbq.mongodb.net:27017, ac-fgogpmb-shard-00-00.rbcanbq.mongodb.net:27017], passives=[], arbiters=[], primary='ac-fgogpmb-shard-00-02.rbcanbq.mongodb.net:27017', tagSet=TagSet{[Tag{name='availabilityZone', value='aps1-az2'}, Tag{name='diskState', value='READY'}, Tag{name='nodeType', value='ELECTABLE'}, Tag{name='provider', value='AWS'}, Tag{name='region', value='AP_SOUTH_1'}, Tag{name='workloadType', value='OPERATIONAL'}]}, electionId=7fffffff0000000000000218, setVersion=234, topologyVersion=TopologyVersion{processId=682254718d2a145098f2a0d6, counter=6}, lastWriteDate=Sat May 17 17:46:21 IST 2025, lastUpdateTimeNanos=308313079535625}
&amp#27;[2m2025-05-17T17:46:21.757+05:30&amp#27;[0;39m &amp#27;[32m INFO&amp#27;[0;39m &amp#27;[35m31255&amp#27;[0;39m &amp#27;[2m---&amp#27;[0;39m &amp#27;[2m[NearBy-Pro-Backend] [ngodb.net:27017]&amp#27;[0;39m &amp#27;[2m&amp#27;[0;39m&amp#27;[36morg.mongodb.driver.cluster              &amp#27;[0;39m &amp#27;[2m:&amp#27;[0;39m Discovered replica set primary ac-fgogpmb-shard-00-02.rbcanbq.mongodb.net:27017 with max election id 7fffffff0000000000000218 and max set version 234
]]></system-out>
    <system-err><![CDATA[WARNING: A Java agent has been loaded dynamically (/Users/rajanjaiswal/.m2/repository/net/bytebuddy/byte-buddy-agent/1.14.12/byte-buddy-agent-1.14.12.jar)
WARNING: If a serviceability tool is in use, please run with -XX:+EnableDynamicAgentLoading to hide this warning
WARNING: If a serviceability tool is not in use, please run with -Djdk.instrument.traceUsage for more information
WARNING: Dynamic loading of agents will be disallowed by default in a future release
]]></system-err>
  </testcase>
</testsuite>